<?xml version="1.0" encoding="UTF-8"?>
<!-- Generated by org.testng.reporters.JUnitXMLReporter -->
<testsuite hostname="JIM-TI8227" name="CompleteTest" tests="5" failures="0" timestamp="30 Oct 2015 06:15:41 GMT" time="0.068" errors="0">
  <testcase name="Invalid_login_Test" time="0.0" classname="TestCases.LoginTestcase">
    <skipped/>
  </testcase> <!-- Invalid_login_Test -->
  <testcase name="valid_login" time="0.0" classname="TestCases.LoginTestcase">
    <skipped/>
  </testcase> <!-- valid_login -->
  <testcase name="Invalid_booksearch" time="0.0" classname="TestCases.BookSearch_TestCase">
    <skipped/>
  </testcase> <!-- Invalid_booksearch -->
  <testcase name="valid_booksearch" time="0.0" classname="TestCases.BookSearch_TestCase">
    <skipped/>
  </testcase> <!-- valid_booksearch -->
  <testcase name="add2Cart" time="0.0" classname="TestCases.BookCart_TestCase">
    <skipped/>
  </testcase> <!-- add2Cart -->
</testsuite> <!-- CompleteTest -->
